{"C:\\Users\\HASEEB\\Desktop\\library-management-system\\controllers\\adminController.js": {"path":"C:\\Users\\HASEEB\\Desktop\\library-management-system\\controllers\\adminController.js","statementMap":{"0":{"start":{"line":1,"column":13},"end":{"line":1,"column":38}},"1":{"start":{"line":2,"column":13},"end":{"line":2,"column":38}},"2":{"start":{"line":3,"column":14},"end":{"line":3,"column":40}},"3":{"start":{"line":5,"column":24},"end":{"line":111,"column":1}},"4":{"start":{"line":7,"column":4},"end":{"line":10,"column":7}},"5":{"start":{"line":8,"column":6},"end":{"line":8,"column":79}},"6":{"start":{"line":8,"column":15},"end":{"line":8,"column":79}},"7":{"start":{"line":9,"column":6},"end":{"line":9,"column":47}},"8":{"start":{"line":14,"column":35},"end":{"line":14,"column":43}},"9":{"start":{"line":15,"column":15},"end":{"line":15,"column":38}},"10":{"start":{"line":16,"column":18},"end":{"line":16,"column":75}},"11":{"start":{"line":17,"column":4},"end":{"line":30,"column":7}},"12":{"start":{"line":18,"column":6},"end":{"line":21,"column":7}},"13":{"start":{"line":19,"column":8},"end":{"line":19,"column":27}},"14":{"start":{"line":20,"column":8},"end":{"line":20,"column":73}},"15":{"start":{"line":22,"column":6},"end":{"line":29,"column":7}},"16":{"start":{"line":23,"column":8},"end":{"line":23,"column":36}},"17":{"start":{"line":24,"column":8},"end":{"line":24,"column":51}},"18":{"start":{"line":25,"column":8},"end":{"line":25,"column":44}},"19":{"start":{"line":26,"column":8},"end":{"line":26,"column":48}},"20":{"start":{"line":28,"column":8},"end":{"line":28,"column":75}},"21":{"start":{"line":34,"column":19},"end":{"line":34,"column":36}},"22":{"start":{"line":35,"column":4},"end":{"line":43,"column":7}},"23":{"start":{"line":36,"column":6},"end":{"line":36,"column":78}},"24":{"start":{"line":36,"column":15},"end":{"line":36,"column":78}},"25":{"start":{"line":37,"column":6},"end":{"line":37,"column":74}},"26":{"start":{"line":37,"column":17},"end":{"line":37,"column":74}},"27":{"start":{"line":39,"column":6},"end":{"line":42,"column":9}},"28":{"start":{"line":40,"column":8},"end":{"line":40,"column":82}},"29":{"start":{"line":40,"column":17},"end":{"line":40,"column":82}},"30":{"start":{"line":41,"column":8},"end":{"line":41,"column":57}},"31":{"start":{"line":47,"column":70},"end":{"line":47,"column":78}},"32":{"start":{"line":48,"column":18},"end":{"line":48,"column":53}},"33":{"start":{"line":50,"column":4},"end":{"line":56,"column":7}},"34":{"start":{"line":51,"column":6},"end":{"line":51,"column":76}},"35":{"start":{"line":51,"column":15},"end":{"line":51,"column":76}},"36":{"start":{"line":52,"column":6},"end":{"line":55,"column":9}},"37":{"start":{"line":53,"column":8},"end":{"line":53,"column":81}},"38":{"start":{"line":53,"column":17},"end":{"line":53,"column":81}},"39":{"start":{"line":54,"column":8},"end":{"line":54,"column":47}},"40":{"start":{"line":60,"column":19},"end":{"line":60,"column":36}},"41":{"start":{"line":61,"column":4},"end":{"line":65,"column":7}},"42":{"start":{"line":62,"column":6},"end":{"line":62,"column":78}},"43":{"start":{"line":62,"column":15},"end":{"line":62,"column":78}},"44":{"start":{"line":63,"column":6},"end":{"line":63,"column":74}},"45":{"start":{"line":63,"column":17},"end":{"line":63,"column":74}},"46":{"start":{"line":64,"column":6},"end":{"line":64,"column":21}},"47":{"start":{"line":69,"column":19},"end":{"line":69,"column":36}},"48":{"start":{"line":70,"column":70},"end":{"line":70,"column":78}},"49":{"start":{"line":71,"column":18},"end":{"line":71,"column":53}},"50":{"start":{"line":73,"column":17},"end":{"line":73,"column":81}},"51":{"start":{"line":74,"column":4},"end":{"line":77,"column":7}},"52":{"start":{"line":75,"column":6},"end":{"line":75,"column":79}},"53":{"start":{"line":75,"column":15},"end":{"line":75,"column":79}},"54":{"start":{"line":76,"column":6},"end":{"line":76,"column":37}},"55":{"start":{"line":81,"column":19},"end":{"line":81,"column":36}},"56":{"start":{"line":82,"column":4},"end":{"line":85,"column":7}},"57":{"start":{"line":83,"column":6},"end":{"line":83,"column":79}},"58":{"start":{"line":83,"column":15},"end":{"line":83,"column":79}},"59":{"start":{"line":84,"column":6},"end":{"line":84,"column":28}},"60":{"start":{"line":89,"column":4},"end":{"line":92,"column":7}},"61":{"start":{"line":90,"column":6},"end":{"line":90,"column":80}},"62":{"start":{"line":90,"column":15},"end":{"line":90,"column":80}},"63":{"start":{"line":91,"column":6},"end":{"line":91,"column":48}},"64":{"start":{"line":96,"column":20},"end":{"line":96,"column":38}},"65":{"start":{"line":97,"column":23},"end":{"line":97,"column":31}},"66":{"start":{"line":98,"column":4},"end":{"line":101,"column":7}},"67":{"start":{"line":99,"column":6},"end":{"line":99,"column":80}},"68":{"start":{"line":99,"column":15},"end":{"line":99,"column":80}},"69":{"start":{"line":100,"column":6},"end":{"line":100,"column":39}},"70":{"start":{"line":105,"column":19},"end":{"line":105,"column":36}},"71":{"start":{"line":106,"column":4},"end":{"line":109,"column":7}},"72":{"start":{"line":107,"column":6},"end":{"line":107,"column":79}},"73":{"start":{"line":107,"column":15},"end":{"line":107,"column":79}},"74":{"start":{"line":108,"column":6},"end":{"line":108,"column":39}},"75":{"start":{"line":113,"column":0},"end":{"line":113,"column":33}}},"fnMap":{"0":{"name":"(anonymous_0)","decl":{"start":{"line":6,"column":12},"end":{"line":6,"column":13}},"loc":{"start":{"line":6,"column":32},"end":{"line":11,"column":3}},"line":6},"1":{"name":"(anonymous_1)","decl":{"start":{"line":7,"column":21},"end":{"line":7,"column":22}},"loc":{"start":{"line":7,"column":37},"end":{"line":10,"column":5}},"line":7},"2":{"name":"(anonymous_2)","decl":{"start":{"line":13,"column":9},"end":{"line":13,"column":10}},"loc":{"start":{"line":13,"column":29},"end":{"line":31,"column":3}},"line":13},"3":{"name":"(anonymous_3)","decl":{"start":{"line":17,"column":42},"end":{"line":17,"column":43}},"loc":{"start":{"line":17,"column":60},"end":{"line":30,"column":5}},"line":17},"4":{"name":"(anonymous_4)","decl":{"start":{"line":33,"column":17},"end":{"line":33,"column":18}},"loc":{"start":{"line":33,"column":37},"end":{"line":44,"column":3}},"line":33},"5":{"name":"(anonymous_5)","decl":{"start":{"line":35,"column":29},"end":{"line":35,"column":30}},"loc":{"start":{"line":35,"column":44},"end":{"line":43,"column":5}},"line":35},"6":{"name":"(anonymous_6)","decl":{"start":{"line":39,"column":36},"end":{"line":39,"column":37}},"loc":{"start":{"line":39,"column":53},"end":{"line":42,"column":7}},"line":39},"7":{"name":"(anonymous_7)","decl":{"start":{"line":46,"column":11},"end":{"line":46,"column":12}},"loc":{"start":{"line":46,"column":31},"end":{"line":57,"column":3}},"line":46},"8":{"name":"(anonymous_8)","decl":{"start":{"line":50,"column":82},"end":{"line":50,"column":83}},"loc":{"start":{"line":50,"column":99},"end":{"line":56,"column":5}},"line":50},"9":{"name":"(anonymous_9)","decl":{"start":{"line":52,"column":23},"end":{"line":52,"column":24}},"loc":{"start":{"line":52,"column":39},"end":{"line":55,"column":7}},"line":52},"10":{"name":"(anonymous_10)","decl":{"start":{"line":59,"column":18},"end":{"line":59,"column":19}},"loc":{"start":{"line":59,"column":38},"end":{"line":66,"column":3}},"line":59},"11":{"name":"(anonymous_11)","decl":{"start":{"line":61,"column":29},"end":{"line":61,"column":30}},"loc":{"start":{"line":61,"column":44},"end":{"line":65,"column":5}},"line":61},"12":{"name":"(anonymous_12)","decl":{"start":{"line":68,"column":14},"end":{"line":68,"column":15}},"loc":{"start":{"line":68,"column":34},"end":{"line":78,"column":3}},"line":68},"13":{"name":"(anonymous_13)","decl":{"start":{"line":74,"column":34},"end":{"line":74,"column":35}},"loc":{"start":{"line":74,"column":43},"end":{"line":77,"column":5}},"line":74},"14":{"name":"(anonymous_14)","decl":{"start":{"line":80,"column":14},"end":{"line":80,"column":15}},"loc":{"start":{"line":80,"column":34},"end":{"line":86,"column":3}},"line":80},"15":{"name":"(anonymous_15)","decl":{"start":{"line":82,"column":28},"end":{"line":82,"column":29}},"loc":{"start":{"line":82,"column":37},"end":{"line":85,"column":5}},"line":82},"16":{"name":"(anonymous_16)","decl":{"start":{"line":88,"column":13},"end":{"line":88,"column":14}},"loc":{"start":{"line":88,"column":33},"end":{"line":93,"column":3}},"line":88},"17":{"name":"(anonymous_17)","decl":{"start":{"line":89,"column":23},"end":{"line":89,"column":24}},"loc":{"start":{"line":89,"column":40},"end":{"line":92,"column":5}},"line":89},"18":{"name":"(anonymous_18)","decl":{"start":{"line":95,"column":21},"end":{"line":95,"column":22}},"loc":{"start":{"line":95,"column":41},"end":{"line":102,"column":3}},"line":95},"19":{"name":"(anonymous_19)","decl":{"start":{"line":98,"column":45},"end":{"line":98,"column":46}},"loc":{"start":{"line":98,"column":54},"end":{"line":101,"column":5}},"line":98},"20":{"name":"(anonymous_20)","decl":{"start":{"line":104,"column":14},"end":{"line":104,"column":15}},"loc":{"start":{"line":104,"column":34},"end":{"line":110,"column":3}},"line":104},"21":{"name":"(anonymous_21)","decl":{"start":{"line":106,"column":28},"end":{"line":106,"column":29}},"loc":{"start":{"line":106,"column":37},"end":{"line":109,"column":5}},"line":106}},"branchMap":{"0":{"loc":{"start":{"line":8,"column":6},"end":{"line":8,"column":79}},"type":"if","locations":[{"start":{"line":8,"column":6},"end":{"line":8,"column":79}},{"start":{},"end":{}}],"line":8},"1":{"loc":{"start":{"line":18,"column":6},"end":{"line":21,"column":7}},"type":"if","locations":[{"start":{"line":18,"column":6},"end":{"line":21,"column":7}},{"start":{},"end":{}}],"line":18},"2":{"loc":{"start":{"line":22,"column":6},"end":{"line":29,"column":7}},"type":"if","locations":[{"start":{"line":22,"column":6},"end":{"line":29,"column":7}},{"start":{"line":27,"column":13},"end":{"line":29,"column":7}}],"line":22},"3":{"loc":{"start":{"line":36,"column":6},"end":{"line":36,"column":78}},"type":"if","locations":[{"start":{"line":36,"column":6},"end":{"line":36,"column":78}},{"start":{},"end":{}}],"line":36},"4":{"loc":{"start":{"line":37,"column":6},"end":{"line":37,"column":74}},"type":"if","locations":[{"start":{"line":37,"column":6},"end":{"line":37,"column":74}},{"start":{},"end":{}}],"line":37},"5":{"loc":{"start":{"line":40,"column":8},"end":{"line":40,"column":82}},"type":"if","locations":[{"start":{"line":40,"column":8},"end":{"line":40,"column":82}},{"start":{},"end":{}}],"line":40},"6":{"loc":{"start":{"line":48,"column":18},"end":{"line":48,"column":53}},"type":"cond-expr","locations":[{"start":{"line":48,"column":29},"end":{"line":48,"column":46}},{"start":{"line":48,"column":49},"end":{"line":48,"column":53}}],"line":48},"7":{"loc":{"start":{"line":51,"column":6},"end":{"line":51,"column":76}},"type":"if","locations":[{"start":{"line":51,"column":6},"end":{"line":51,"column":76}},{"start":{},"end":{}}],"line":51},"8":{"loc":{"start":{"line":53,"column":8},"end":{"line":53,"column":81}},"type":"if","locations":[{"start":{"line":53,"column":8},"end":{"line":53,"column":81}},{"start":{},"end":{}}],"line":53},"9":{"loc":{"start":{"line":62,"column":6},"end":{"line":62,"column":78}},"type":"if","locations":[{"start":{"line":62,"column":6},"end":{"line":62,"column":78}},{"start":{},"end":{}}],"line":62},"10":{"loc":{"start":{"line":63,"column":6},"end":{"line":63,"column":74}},"type":"if","locations":[{"start":{"line":63,"column":6},"end":{"line":63,"column":74}},{"start":{},"end":{}}],"line":63},"11":{"loc":{"start":{"line":71,"column":18},"end":{"line":71,"column":53}},"type":"cond-expr","locations":[{"start":{"line":71,"column":29},"end":{"line":71,"column":46}},{"start":{"line":71,"column":49},"end":{"line":71,"column":53}}],"line":71},"12":{"loc":{"start":{"line":75,"column":6},"end":{"line":75,"column":79}},"type":"if","locations":[{"start":{"line":75,"column":6},"end":{"line":75,"column":79}},{"start":{},"end":{}}],"line":75},"13":{"loc":{"start":{"line":83,"column":6},"end":{"line":83,"column":79}},"type":"if","locations":[{"start":{"line":83,"column":6},"end":{"line":83,"column":79}},{"start":{},"end":{}}],"line":83},"14":{"loc":{"start":{"line":90,"column":6},"end":{"line":90,"column":80}},"type":"if","locations":[{"start":{"line":90,"column":6},"end":{"line":90,"column":80}},{"start":{},"end":{}}],"line":90},"15":{"loc":{"start":{"line":99,"column":6},"end":{"line":99,"column":80}},"type":"if","locations":[{"start":{"line":99,"column":6},"end":{"line":99,"column":80}},{"start":{},"end":{}}],"line":99},"16":{"loc":{"start":{"line":107,"column":6},"end":{"line":107,"column":79}},"type":"if","locations":[{"start":{"line":107,"column":6},"end":{"line":107,"column":79}},{"start":{},"end":{}}],"line":107}},"s":{"0":0,"1":0,"2":0,"3":0,"4":0,"5":0,"6":0,"7":0,"8":0,"9":0,"10":0,"11":0,"12":0,"13":0,"14":0,"15":0,"16":0,"17":0,"18":0,"19":0,"20":0,"21":0,"22":0,"23":0,"24":0,"25":0,"26":0,"27":0,"28":0,"29":0,"30":0,"31":0,"32":0,"33":0,"34":0,"35":0,"36":0,"37":0,"38":0,"39":0,"40":0,"41":0,"42":0,"43":0,"44":0,"45":0,"46":0,"47":0,"48":0,"49":0,"50":0,"51":0,"52":0,"53":0,"54":0,"55":0,"56":0,"57":0,"58":0,"59":0,"60":0,"61":0,"62":0,"63":0,"64":0,"65":0,"66":0,"67":0,"68":0,"69":0,"70":0,"71":0,"72":0,"73":0,"74":0,"75":0},"f":{"0":0,"1":0,"2":0,"3":0,"4":0,"5":0,"6":0,"7":0,"8":0,"9":0,"10":0,"11":0,"12":0,"13":0,"14":0,"15":0,"16":0,"17":0,"18":0,"19":0,"20":0,"21":0},"b":{"0":[0,0],"1":[0,0],"2":[0,0],"3":[0,0],"4":[0,0],"5":[0,0],"6":[0,0],"7":[0,0],"8":[0,0],"9":[0,0],"10":[0,0],"11":[0,0],"12":[0,0],"13":[0,0],"14":[0,0],"15":[0,0],"16":[0,0]}}
,"C:\\Users\\HASEEB\\Desktop\\library-management-system\\controllers\\userController.js": {"path":"C:\\Users\\HASEEB\\Desktop\\library-management-system\\controllers\\userController.js","statementMap":{"0":{"start":{"line":1,"column":13},"end":{"line":1,"column":38}},"1":{"start":{"line":2,"column":13},"end":{"line":2,"column":38}},"2":{"start":{"line":3,"column":14},"end":{"line":3,"column":40}},"3":{"start":{"line":4,"column":47},"end":{"line":4,"column":64}},"4":{"start":{"line":5,"column":12},"end":{"line":5,"column":35}},"5":{"start":{"line":6,"column":23},"end":{"line":6,"column":50}},"6":{"start":{"line":8,"column":23},"end":{"line":195,"column":1}},"7":{"start":{"line":10,"column":59},"end":{"line":10,"column":67}},"8":{"start":{"line":11,"column":17},"end":{"line":11,"column":32}},"9":{"start":{"line":12,"column":27},"end":{"line":12,"column":51}},"10":{"start":{"line":14,"column":4},"end":{"line":23,"column":7}},"11":{"start":{"line":15,"column":6},"end":{"line":21,"column":7}},"12":{"start":{"line":17,"column":29},"end":{"line":19,"column":52}},"13":{"start":{"line":20,"column":8},"end":{"line":20,"column":68}},"14":{"start":{"line":22,"column":6},"end":{"line":22,"column":38}},"15":{"start":{"line":27,"column":32},"end":{"line":27,"column":40}},"16":{"start":{"line":28,"column":4},"end":{"line":39,"column":7}},"17":{"start":{"line":29,"column":6},"end":{"line":29,"column":99}},"18":{"start":{"line":29,"column":15},"end":{"line":29,"column":99}},"19":{"start":{"line":30,"column":6},"end":{"line":30,"column":105}},"20":{"start":{"line":30,"column":17},"end":{"line":30,"column":105}},"21":{"start":{"line":32,"column":6},"end":{"line":38,"column":7}},"22":{"start":{"line":33,"column":22},"end":{"line":33,"column":95}},"23":{"start":{"line":34,"column":8},"end":{"line":34,"column":55}},"24":{"start":{"line":35,"column":8},"end":{"line":35,"column":36}},"25":{"start":{"line":37,"column":8},"end":{"line":37,"column":85}},"26":{"start":{"line":43,"column":4},"end":{"line":43,"column":29}},"27":{"start":{"line":44,"column":4},"end":{"line":44,"column":26}},"28":{"start":{"line":45,"column":4},"end":{"line":45,"column":36}},"29":{"start":{"line":49,"column":4},"end":{"line":52,"column":7}},"30":{"start":{"line":50,"column":6},"end":{"line":50,"column":79}},"31":{"start":{"line":50,"column":15},"end":{"line":50,"column":79}},"32":{"start":{"line":51,"column":6},"end":{"line":51,"column":58}},"33":{"start":{"line":56,"column":4},"end":{"line":60,"column":7}},"34":{"start":{"line":57,"column":6},"end":{"line":57,"column":79}},"35":{"start":{"line":57,"column":15},"end":{"line":57,"column":79}},"36":{"start":{"line":58,"column":19},"end":{"line":58,"column":41}},"37":{"start":{"line":59,"column":6},"end":{"line":59,"column":64}},"38":{"start":{"line":64,"column":19},"end":{"line":64,"column":36}},"39":{"start":{"line":65,"column":4},"end":{"line":69,"column":7}},"40":{"start":{"line":66,"column":6},"end":{"line":66,"column":78}},"41":{"start":{"line":66,"column":15},"end":{"line":66,"column":78}},"42":{"start":{"line":67,"column":6},"end":{"line":67,"column":74}},"43":{"start":{"line":67,"column":17},"end":{"line":67,"column":74}},"44":{"start":{"line":68,"column":6},"end":{"line":68,"column":64}},"45":{"start":{"line":73,"column":19},"end":{"line":73,"column":34}},"46":{"start":{"line":74,"column":4},"end":{"line":105,"column":7}},"47":{"start":{"line":75,"column":6},"end":{"line":75,"column":78}},"48":{"start":{"line":75,"column":15},"end":{"line":75,"column":78}},"49":{"start":{"line":76,"column":6},"end":{"line":76,"column":74}},"50":{"start":{"line":76,"column":17},"end":{"line":76,"column":74}},"51":{"start":{"line":78,"column":6},"end":{"line":80,"column":7}},"52":{"start":{"line":79,"column":8},"end":{"line":79,"column":69}},"53":{"start":{"line":83,"column":6},"end":{"line":104,"column":9}},"54":{"start":{"line":84,"column":8},"end":{"line":84,"column":82}},"55":{"start":{"line":84,"column":17},"end":{"line":84,"column":82}},"56":{"start":{"line":86,"column":8},"end":{"line":86,"column":53}},"57":{"start":{"line":86,"column":31},"end":{"line":86,"column":53}},"58":{"start":{"line":87,"column":25},"end":{"line":87,"column":85}},"59":{"start":{"line":87,"column":55},"end":{"line":87,"column":84}},"60":{"start":{"line":88,"column":8},"end":{"line":93,"column":9}},"61":{"start":{"line":89,"column":10},"end":{"line":89,"column":33}},"62":{"start":{"line":91,"column":10},"end":{"line":91,"column":28}},"63":{"start":{"line":92,"column":10},"end":{"line":92,"column":38}},"64":{"start":{"line":96,"column":25},"end":{"line":96,"column":47}},"65":{"start":{"line":98,"column":8},"end":{"line":103,"column":11}},"66":{"start":{"line":109,"column":17},"end":{"line":109,"column":39}},"67":{"start":{"line":110,"column":4},"end":{"line":110,"column":54}},"68":{"start":{"line":114,"column":23},"end":{"line":114,"column":33}},"69":{"start":{"line":115,"column":23},"end":{"line":115,"column":31}},"70":{"start":{"line":116,"column":17},"end":{"line":116,"column":39}},"71":{"start":{"line":117,"column":17},"end":{"line":117,"column":52}},"72":{"start":{"line":117,"column":32},"end":{"line":117,"column":51}},"73":{"start":{"line":119,"column":4},"end":{"line":146,"column":5}},"74":{"start":{"line":120,"column":6},"end":{"line":143,"column":7}},"75":{"start":{"line":122,"column":8},"end":{"line":134,"column":11}},"76":{"start":{"line":123,"column":10},"end":{"line":123,"column":97}},"77":{"start":{"line":123,"column":28},"end":{"line":123,"column":97}},"78":{"start":{"line":125,"column":10},"end":{"line":133,"column":11}},"79":{"start":{"line":126,"column":12},"end":{"line":130,"column":15}},"80":{"start":{"line":127,"column":14},"end":{"line":127,"column":59}},"81":{"start":{"line":127,"column":23},"end":{"line":127,"column":59}},"82":{"start":{"line":128,"column":14},"end":{"line":128,"column":33}},"83":{"start":{"line":129,"column":14},"end":{"line":129,"column":48}},"84":{"start":{"line":132,"column":12},"end":{"line":132,"column":66}},"85":{"start":{"line":135,"column":13},"end":{"line":143,"column":7}},"86":{"start":{"line":136,"column":8},"end":{"line":140,"column":11}},"87":{"start":{"line":137,"column":10},"end":{"line":137,"column":55}},"88":{"start":{"line":137,"column":19},"end":{"line":137,"column":55}},"89":{"start":{"line":138,"column":10},"end":{"line":138,"column":29}},"90":{"start":{"line":139,"column":10},"end":{"line":139,"column":44}},"91":{"start":{"line":142,"column":8},"end":{"line":142,"column":37}},"92":{"start":{"line":145,"column":6},"end":{"line":145,"column":35}},"93":{"start":{"line":150,"column":23},"end":{"line":150,"column":33}},"94":{"start":{"line":151,"column":17},"end":{"line":151,"column":39}},"95":{"start":{"line":152,"column":18},"end":{"line":152,"column":58}},"96":{"start":{"line":152,"column":38},"end":{"line":152,"column":57}},"97":{"start":{"line":154,"column":4},"end":{"line":164,"column":5}},"98":{"start":{"line":155,"column":19},"end":{"line":155,"column":30}},"99":{"start":{"line":157,"column":6},"end":{"line":161,"column":9}},"100":{"start":{"line":158,"column":8},"end":{"line":158,"column":53}},"101":{"start":{"line":158,"column":17},"end":{"line":158,"column":53}},"102":{"start":{"line":159,"column":8},"end":{"line":159,"column":30}},"103":{"start":{"line":160,"column":8},"end":{"line":160,"column":42}},"104":{"start":{"line":163,"column":6},"end":{"line":163,"column":35}},"105":{"start":{"line":168,"column":17},"end":{"line":168,"column":39}},"106":{"start":{"line":169,"column":4},"end":{"line":169,"column":58}},"107":{"start":{"line":173,"column":17},"end":{"line":173,"column":39}},"108":{"start":{"line":174,"column":4},"end":{"line":174,"column":83}},"109":{"start":{"line":174,"column":27},"end":{"line":174,"column":83}},"110":{"start":{"line":176,"column":23},"end":{"line":176,"column":91}},"111":{"start":{"line":176,"column":50},"end":{"line":176,"column":87}},"112":{"start":{"line":177,"column":4},"end":{"line":181,"column":7}},"113":{"start":{"line":178,"column":6},"end":{"line":178,"column":80}},"114":{"start":{"line":178,"column":15},"end":{"line":178,"column":80}},"115":{"start":{"line":179,"column":6},"end":{"line":179,"column":28}},"116":{"start":{"line":180,"column":6},"end":{"line":180,"column":36}},"117":{"start":{"line":185,"column":33},"end":{"line":185,"column":42}},"118":{"start":{"line":186,"column":4},"end":{"line":193,"column":7}},"119":{"start":{"line":187,"column":6},"end":{"line":187,"column":79}},"120":{"start":{"line":187,"column":15},"end":{"line":187,"column":79}},"121":{"start":{"line":188,"column":23},"end":{"line":191,"column":7}},"122":{"start":{"line":189,"column":8},"end":{"line":190,"column":48}},"123":{"start":{"line":192,"column":6},"end":{"line":192,"column":25}},"124":{"start":{"line":197,"column":0},"end":{"line":197,"column":32}}},"fnMap":{"0":{"name":"(anonymous_0)","decl":{"start":{"line":9,"column":12},"end":{"line":9,"column":13}},"loc":{"start":{"line":9,"column":32},"end":{"line":24,"column":3}},"line":9},"1":{"name":"(anonymous_1)","decl":{"start":{"line":14,"column":70},"end":{"line":14,"column":71}},"loc":{"start":{"line":14,"column":87},"end":{"line":23,"column":5}},"line":14},"2":{"name":"(anonymous_2)","decl":{"start":{"line":26,"column":9},"end":{"line":26,"column":10}},"loc":{"start":{"line":26,"column":29},"end":{"line":40,"column":3}},"line":26},"3":{"name":"(anonymous_3)","decl":{"start":{"line":28,"column":28},"end":{"line":28,"column":29}},"loc":{"start":{"line":28,"column":43},"end":{"line":39,"column":5}},"line":28},"4":{"name":"(anonymous_4)","decl":{"start":{"line":42,"column":10},"end":{"line":42,"column":11}},"loc":{"start":{"line":42,"column":30},"end":{"line":46,"column":3}},"line":42},"5":{"name":"(anonymous_5)","decl":{"start":{"line":48,"column":21},"end":{"line":48,"column":22}},"loc":{"start":{"line":48,"column":41},"end":{"line":53,"column":3}},"line":48},"6":{"name":"(anonymous_6)","decl":{"start":{"line":49,"column":21},"end":{"line":49,"column":22}},"loc":{"start":{"line":49,"column":37},"end":{"line":52,"column":5}},"line":49},"7":{"name":"(anonymous_7)","decl":{"start":{"line":55,"column":18},"end":{"line":55,"column":19}},"loc":{"start":{"line":55,"column":38},"end":{"line":61,"column":3}},"line":55},"8":{"name":"(anonymous_8)","decl":{"start":{"line":56,"column":21},"end":{"line":56,"column":22}},"loc":{"start":{"line":56,"column":37},"end":{"line":60,"column":5}},"line":56},"9":{"name":"(anonymous_9)","decl":{"start":{"line":63,"column":22},"end":{"line":63,"column":23}},"loc":{"start":{"line":63,"column":42},"end":{"line":70,"column":3}},"line":63},"10":{"name":"(anonymous_10)","decl":{"start":{"line":65,"column":29},"end":{"line":65,"column":30}},"loc":{"start":{"line":65,"column":44},"end":{"line":69,"column":5}},"line":65},"11":{"name":"(anonymous_11)","decl":{"start":{"line":72,"column":13},"end":{"line":72,"column":14}},"loc":{"start":{"line":72,"column":33},"end":{"line":106,"column":3}},"line":72},"12":{"name":"(anonymous_12)","decl":{"start":{"line":74,"column":29},"end":{"line":74,"column":30}},"loc":{"start":{"line":74,"column":44},"end":{"line":105,"column":5}},"line":74},"13":{"name":"(anonymous_13)","decl":{"start":{"line":83,"column":35},"end":{"line":83,"column":36}},"loc":{"start":{"line":83,"column":44},"end":{"line":104,"column":7}},"line":83},"14":{"name":"(anonymous_14)","decl":{"start":{"line":87,"column":47},"end":{"line":87,"column":48}},"loc":{"start":{"line":87,"column":55},"end":{"line":87,"column":84}},"line":87},"15":{"name":"(anonymous_15)","decl":{"start":{"line":108,"column":11},"end":{"line":108,"column":12}},"loc":{"start":{"line":108,"column":31},"end":{"line":111,"column":3}},"line":108},"16":{"name":"(anonymous_16)","decl":{"start":{"line":113,"column":22},"end":{"line":113,"column":23}},"loc":{"start":{"line":113,"column":42},"end":{"line":147,"column":3}},"line":113},"17":{"name":"(anonymous_17)","decl":{"start":{"line":117,"column":27},"end":{"line":117,"column":28}},"loc":{"start":{"line":117,"column":32},"end":{"line":117,"column":51}},"line":117},"18":{"name":"(anonymous_18)","decl":{"start":{"line":122,"column":33},"end":{"line":122,"column":34}},"loc":{"start":{"line":122,"column":48},"end":{"line":134,"column":9}},"line":122},"19":{"name":"(anonymous_19)","decl":{"start":{"line":126,"column":41},"end":{"line":126,"column":42}},"loc":{"start":{"line":126,"column":50},"end":{"line":130,"column":13}},"line":126},"20":{"name":"(anonymous_20)","decl":{"start":{"line":136,"column":36},"end":{"line":136,"column":37}},"loc":{"start":{"line":136,"column":45},"end":{"line":140,"column":9}},"line":136},"21":{"name":"(anonymous_21)","decl":{"start":{"line":149,"column":18},"end":{"line":149,"column":19}},"loc":{"start":{"line":149,"column":38},"end":{"line":165,"column":3}},"line":149},"22":{"name":"(anonymous_22)","decl":{"start":{"line":152,"column":33},"end":{"line":152,"column":34}},"loc":{"start":{"line":152,"column":38},"end":{"line":152,"column":57}},"line":152},"23":{"name":"(anonymous_23)","decl":{"start":{"line":157,"column":46},"end":{"line":157,"column":47}},"loc":{"start":{"line":157,"column":55},"end":{"line":161,"column":7}},"line":157},"24":{"name":"(anonymous_24)","decl":{"start":{"line":167,"column":12},"end":{"line":167,"column":13}},"loc":{"start":{"line":167,"column":32},"end":{"line":170,"column":3}},"line":167},"25":{"name":"(anonymous_25)","decl":{"start":{"line":172,"column":11},"end":{"line":172,"column":12}},"loc":{"start":{"line":172,"column":31},"end":{"line":182,"column":3}},"line":172},"26":{"name":"(anonymous_26)","decl":{"start":{"line":176,"column":35},"end":{"line":176,"column":36}},"loc":{"start":{"line":176,"column":50},"end":{"line":176,"column":87}},"line":176},"27":{"name":"(anonymous_27)","decl":{"start":{"line":177,"column":47},"end":{"line":177,"column":48}},"loc":{"start":{"line":177,"column":65},"end":{"line":181,"column":5}},"line":177},"28":{"name":"(anonymous_28)","decl":{"start":{"line":184,"column":20},"end":{"line":184,"column":21}},"loc":{"start":{"line":184,"column":40},"end":{"line":194,"column":3}},"line":184},"29":{"name":"(anonymous_29)","decl":{"start":{"line":186,"column":21},"end":{"line":186,"column":22}},"loc":{"start":{"line":186,"column":37},"end":{"line":193,"column":5}},"line":186},"30":{"name":"(anonymous_30)","decl":{"start":{"line":188,"column":36},"end":{"line":188,"column":37}},"loc":{"start":{"line":189,"column":8},"end":{"line":190,"column":48}},"line":189}},"branchMap":{"0":{"loc":{"start":{"line":15,"column":6},"end":{"line":21,"column":7}},"type":"if","locations":[{"start":{"line":15,"column":6},"end":{"line":21,"column":7}},{"start":{},"end":{}}],"line":15},"1":{"loc":{"start":{"line":17,"column":29},"end":{"line":19,"column":52}},"type":"cond-expr","locations":[{"start":{"line":18,"column":12},"end":{"line":18,"column":78}},{"start":{"line":19,"column":12},"end":{"line":19,"column":52}}],"line":17},"2":{"loc":{"start":{"line":29,"column":6},"end":{"line":29,"column":99}},"type":"if","locations":[{"start":{"line":29,"column":6},"end":{"line":29,"column":99}},{"start":{},"end":{}}],"line":29},"3":{"loc":{"start":{"line":30,"column":6},"end":{"line":30,"column":105}},"type":"if","locations":[{"start":{"line":30,"column":6},"end":{"line":30,"column":105}},{"start":{},"end":{}}],"line":30},"4":{"loc":{"start":{"line":32,"column":6},"end":{"line":38,"column":7}},"type":"if","locations":[{"start":{"line":32,"column":6},"end":{"line":38,"column":7}},{"start":{"line":36,"column":13},"end":{"line":38,"column":7}}],"line":32},"5":{"loc":{"start":{"line":50,"column":6},"end":{"line":50,"column":79}},"type":"if","locations":[{"start":{"line":50,"column":6},"end":{"line":50,"column":79}},{"start":{},"end":{}}],"line":50},"6":{"loc":{"start":{"line":57,"column":6},"end":{"line":57,"column":79}},"type":"if","locations":[{"start":{"line":57,"column":6},"end":{"line":57,"column":79}},{"start":{},"end":{}}],"line":57},"7":{"loc":{"start":{"line":58,"column":19},"end":{"line":58,"column":41}},"type":"binary-expr","locations":[{"start":{"line":58,"column":19},"end":{"line":58,"column":35}},{"start":{"line":58,"column":39},"end":{"line":58,"column":41}}],"line":58},"8":{"loc":{"start":{"line":66,"column":6},"end":{"line":66,"column":78}},"type":"if","locations":[{"start":{"line":66,"column":6},"end":{"line":66,"column":78}},{"start":{},"end":{}}],"line":66},"9":{"loc":{"start":{"line":67,"column":6},"end":{"line":67,"column":74}},"type":"if","locations":[{"start":{"line":67,"column":6},"end":{"line":67,"column":74}},{"start":{},"end":{}}],"line":67},"10":{"loc":{"start":{"line":75,"column":6},"end":{"line":75,"column":78}},"type":"if","locations":[{"start":{"line":75,"column":6},"end":{"line":75,"column":78}},{"start":{},"end":{}}],"line":75},"11":{"loc":{"start":{"line":76,"column":6},"end":{"line":76,"column":74}},"type":"if","locations":[{"start":{"line":76,"column":6},"end":{"line":76,"column":74}},{"start":{},"end":{}}],"line":76},"12":{"loc":{"start":{"line":78,"column":6},"end":{"line":80,"column":7}},"type":"if","locations":[{"start":{"line":78,"column":6},"end":{"line":80,"column":7}},{"start":{},"end":{}}],"line":78},"13":{"loc":{"start":{"line":84,"column":8},"end":{"line":84,"column":82}},"type":"if","locations":[{"start":{"line":84,"column":8},"end":{"line":84,"column":82}},{"start":{},"end":{}}],"line":84},"14":{"loc":{"start":{"line":86,"column":8},"end":{"line":86,"column":53}},"type":"if","locations":[{"start":{"line":86,"column":8},"end":{"line":86,"column":53}},{"start":{},"end":{}}],"line":86},"15":{"loc":{"start":{"line":88,"column":8},"end":{"line":93,"column":9}},"type":"if","locations":[{"start":{"line":88,"column":8},"end":{"line":93,"column":9}},{"start":{"line":90,"column":15},"end":{"line":93,"column":9}}],"line":88},"16":{"loc":{"start":{"line":109,"column":17},"end":{"line":109,"column":39}},"type":"binary-expr","locations":[{"start":{"line":109,"column":17},"end":{"line":109,"column":33}},{"start":{"line":109,"column":37},"end":{"line":109,"column":39}}],"line":109},"17":{"loc":{"start":{"line":116,"column":17},"end":{"line":116,"column":39}},"type":"binary-expr","locations":[{"start":{"line":116,"column":17},"end":{"line":116,"column":33}},{"start":{"line":116,"column":37},"end":{"line":116,"column":39}}],"line":116},"18":{"loc":{"start":{"line":119,"column":4},"end":{"line":146,"column":5}},"type":"if","locations":[{"start":{"line":119,"column":4},"end":{"line":146,"column":5}},{"start":{"line":144,"column":11},"end":{"line":146,"column":5}}],"line":119},"19":{"loc":{"start":{"line":120,"column":6},"end":{"line":143,"column":7}},"type":"if","locations":[{"start":{"line":120,"column":6},"end":{"line":143,"column":7}},{"start":{"line":135,"column":13},"end":{"line":143,"column":7}}],"line":120},"20":{"loc":{"start":{"line":123,"column":10},"end":{"line":123,"column":97}},"type":"if","locations":[{"start":{"line":123,"column":10},"end":{"line":123,"column":97}},{"start":{},"end":{}}],"line":123},"21":{"loc":{"start":{"line":123,"column":14},"end":{"line":123,"column":26}},"type":"binary-expr","locations":[{"start":{"line":123,"column":14},"end":{"line":123,"column":17}},{"start":{"line":123,"column":21},"end":{"line":123,"column":26}}],"line":123},"22":{"loc":{"start":{"line":125,"column":10},"end":{"line":133,"column":11}},"type":"if","locations":[{"start":{"line":125,"column":10},"end":{"line":133,"column":11}},{"start":{"line":131,"column":17},"end":{"line":133,"column":11}}],"line":125},"23":{"loc":{"start":{"line":127,"column":14},"end":{"line":127,"column":59}},"type":"if","locations":[{"start":{"line":127,"column":14},"end":{"line":127,"column":59}},{"start":{},"end":{}}],"line":127},"24":{"loc":{"start":{"line":135,"column":13},"end":{"line":143,"column":7}},"type":"if","locations":[{"start":{"line":135,"column":13},"end":{"line":143,"column":7}},{"start":{"line":141,"column":13},"end":{"line":143,"column":7}}],"line":135},"25":{"loc":{"start":{"line":135,"column":17},"end":{"line":135,"column":59}},"type":"binary-expr","locations":[{"start":{"line":135,"column":17},"end":{"line":135,"column":38}},{"start":{"line":135,"column":42},"end":{"line":135,"column":59}}],"line":135},"26":{"loc":{"start":{"line":137,"column":10},"end":{"line":137,"column":55}},"type":"if","locations":[{"start":{"line":137,"column":10},"end":{"line":137,"column":55}},{"start":{},"end":{}}],"line":137},"27":{"loc":{"start":{"line":151,"column":17},"end":{"line":151,"column":39}},"type":"binary-expr","locations":[{"start":{"line":151,"column":17},"end":{"line":151,"column":33}},{"start":{"line":151,"column":37},"end":{"line":151,"column":39}}],"line":151},"28":{"loc":{"start":{"line":154,"column":4},"end":{"line":164,"column":5}},"type":"if","locations":[{"start":{"line":154,"column":4},"end":{"line":164,"column":5}},{"start":{"line":162,"column":11},"end":{"line":164,"column":5}}],"line":154},"29":{"loc":{"start":{"line":158,"column":8},"end":{"line":158,"column":53}},"type":"if","locations":[{"start":{"line":158,"column":8},"end":{"line":158,"column":53}},{"start":{},"end":{}}],"line":158},"30":{"loc":{"start":{"line":168,"column":17},"end":{"line":168,"column":39}},"type":"binary-expr","locations":[{"start":{"line":168,"column":17},"end":{"line":168,"column":33}},{"start":{"line":168,"column":37},"end":{"line":168,"column":39}}],"line":168},"31":{"loc":{"start":{"line":173,"column":17},"end":{"line":173,"column":39}},"type":"binary-expr","locations":[{"start":{"line":173,"column":17},"end":{"line":173,"column":33}},{"start":{"line":173,"column":37},"end":{"line":173,"column":39}}],"line":173},"32":{"loc":{"start":{"line":174,"column":4},"end":{"line":174,"column":83}},"type":"if","locations":[{"start":{"line":174,"column":4},"end":{"line":174,"column":83}},{"start":{},"end":{}}],"line":174},"33":{"loc":{"start":{"line":178,"column":6},"end":{"line":178,"column":80}},"type":"if","locations":[{"start":{"line":178,"column":6},"end":{"line":178,"column":80}},{"start":{},"end":{}}],"line":178},"34":{"loc":{"start":{"line":187,"column":6},"end":{"line":187,"column":79}},"type":"if","locations":[{"start":{"line":187,"column":6},"end":{"line":187,"column":79}},{"start":{},"end":{}}],"line":187},"35":{"loc":{"start":{"line":189,"column":8},"end":{"line":190,"column":48}},"type":"binary-expr","locations":[{"start":{"line":189,"column":9},"end":{"line":189,"column":18}},{"start":{"line":189,"column":22},"end":{"line":189,"column":53}},{"start":{"line":190,"column":9},"end":{"line":190,"column":16}},{"start":{"line":190,"column":20},"end":{"line":190,"column":47}}],"line":189}},"s":{"0":1,"1":1,"2":1,"3":1,"4":1,"5":1,"6":1,"7":0,"8":0,"9":0,"10":0,"11":0,"12":0,"13":0,"14":0,"15":0,"16":0,"17":0,"18":0,"19":0,"20":0,"21":0,"22":0,"23":0,"24":0,"25":0,"26":0,"27":0,"28":0,"29":0,"30":0,"31":0,"32":0,"33":0,"34":0,"35":0,"36":0,"37":0,"38":0,"39":0,"40":0,"41":0,"42":0,"43":0,"44":0,"45":0,"46":0,"47":0,"48":0,"49":0,"50":0,"51":0,"52":0,"53":0,"54":0,"55":0,"56":0,"57":0,"58":0,"59":0,"60":0,"61":0,"62":0,"63":0,"64":0,"65":0,"66":0,"67":0,"68":5,"69":5,"70":5,"71":5,"72":4,"73":5,"74":4,"75":2,"76":2,"77":0,"78":2,"79":1,"80":1,"81":0,"82":1,"83":1,"84":1,"85":2,"86":1,"87":1,"88":0,"89":1,"90":1,"91":1,"92":1,"93":0,"94":0,"95":0,"96":0,"97":0,"98":0,"99":0,"100":0,"101":0,"102":0,"103":0,"104":0,"105":0,"106":0,"107":2,"108":2,"109":1,"110":1,"111":2,"112":1,"113":1,"114":0,"115":1,"116":1,"117":0,"118":0,"119":0,"120":0,"121":0,"122":0,"123":0,"124":1},"f":{"0":0,"1":0,"2":0,"3":0,"4":0,"5":0,"6":0,"7":0,"8":0,"9":0,"10":0,"11":0,"12":0,"13":0,"14":0,"15":0,"16":5,"17":4,"18":2,"19":1,"20":1,"21":0,"22":0,"23":0,"24":0,"25":2,"26":2,"27":1,"28":0,"29":0,"30":0},"b":{"0":[0,0],"1":[0,0],"2":[0,0],"3":[0,0],"4":[0,0],"5":[0,0],"6":[0,0],"7":[0,0],"8":[0,0],"9":[0,0],"10":[0,0],"11":[0,0],"12":[0,0],"13":[0,0],"14":[0,0],"15":[0,0],"16":[0,0],"17":[5,0],"18":[4,1],"19":[2,2],"20":[0,2],"21":[2,2],"22":[1,1],"23":[0,1],"24":[1,1],"25":[2,1],"26":[0,1],"27":[0,0],"28":[0,0],"29":[0,0],"30":[0,0],"31":[2,0],"32":[1,1],"33":[0,1],"34":[0,0],"35":[0,0,0,0]},"_coverageSchema":"1a1c01bbd47fc00a2c39e90264f33305004495a9","hash":"0af6ff8d8b77a09ac626ea7fb41b846e482092d9"}
,"C:\\Users\\HASEEB\\Desktop\\library-management-system\\routes\\adminRoutes.js": {"path":"C:\\Users\\HASEEB\\Desktop\\library-management-system\\routes\\adminRoutes.js","statementMap":{"0":{"start":{"line":1,"column":16},"end":{"line":1,"column":34}},"1":{"start":{"line":2,"column":15},"end":{"line":2,"column":31}},"2":{"start":{"line":3,"column":15},"end":{"line":3,"column":32}},"3":{"start":{"line":4,"column":13},"end":{"line":4,"column":28}},"4":{"start":{"line":5,"column":24},"end":{"line":5,"column":65}},"5":{"start":{"line":6,"column":21},"end":{"line":6,"column":65}},"6":{"start":{"line":7,"column":13},"end":{"line":7,"column":38}},"7":{"start":{"line":9,"column":16},"end":{"line":12,"column":2}},"8":{"start":{"line":10,"column":36},"end":{"line":10,"column":59}},"9":{"start":{"line":11,"column":33},"end":{"line":11,"column":87}},"10":{"start":{"line":13,"column":15},"end":{"line":13,"column":34}},"11":{"start":{"line":16,"column":0},"end":{"line":18,"column":3}},"12":{"start":{"line":17,"column":4},"end":{"line":17,"column":38}},"13":{"start":{"line":21,"column":0},"end":{"line":21,"column":67}},"14":{"start":{"line":21,"column":40},"end":{"line":21,"column":65}},"15":{"start":{"line":22,"column":0},"end":{"line":22,"column":50}},"16":{"start":{"line":25,"column":0},"end":{"line":25,"column":65}},"17":{"start":{"line":26,"column":0},"end":{"line":26,"column":79}},"18":{"start":{"line":27,"column":0},"end":{"line":27,"column":76}},"19":{"start":{"line":29,"column":0},"end":{"line":34,"column":3}},"20":{"start":{"line":30,"column":4},"end":{"line":33,"column":7}},"21":{"start":{"line":31,"column":8},"end":{"line":31,"column":81}},"22":{"start":{"line":31,"column":17},"end":{"line":31,"column":81}},"23":{"start":{"line":32,"column":8},"end":{"line":32,"column":47}},"24":{"start":{"line":36,"column":0},"end":{"line":36,"column":87}},"25":{"start":{"line":37,"column":0},"end":{"line":37,"column":101}},"26":{"start":{"line":38,"column":0},"end":{"line":38,"column":84}},"27":{"start":{"line":39,"column":0},"end":{"line":39,"column":79}},"28":{"start":{"line":41,"column":0},"end":{"line":41,"column":66}},"29":{"start":{"line":42,"column":0},"end":{"line":42,"column":86}},"30":{"start":{"line":44,"column":0},"end":{"line":47,"column":3}},"31":{"start":{"line":45,"column":4},"end":{"line":45,"column":26}},"32":{"start":{"line":46,"column":4},"end":{"line":46,"column":38}},"33":{"start":{"line":49,"column":0},"end":{"line":49,"column":24}}},"fnMap":{"0":{"name":"(anonymous_0)","decl":{"start":{"line":10,"column":17},"end":{"line":10,"column":18}},"loc":{"start":{"line":10,"column":36},"end":{"line":10,"column":59}},"line":10},"1":{"name":"(anonymous_1)","decl":{"start":{"line":11,"column":14},"end":{"line":11,"column":15}},"loc":{"start":{"line":11,"column":33},"end":{"line":11,"column":87}},"line":11},"2":{"name":"(anonymous_2)","decl":{"start":{"line":16,"column":16},"end":{"line":16,"column":17}},"loc":{"start":{"line":16,"column":30},"end":{"line":18,"column":1}},"line":16},"3":{"name":"(anonymous_3)","decl":{"start":{"line":21,"column":26},"end":{"line":21,"column":27}},"loc":{"start":{"line":21,"column":40},"end":{"line":21,"column":65}},"line":21},"4":{"name":"(anonymous_4)","decl":{"start":{"line":29,"column":37},"end":{"line":29,"column":38}},"loc":{"start":{"line":29,"column":51},"end":{"line":34,"column":1}},"line":29},"5":{"name":"(anonymous_5)","decl":{"start":{"line":30,"column":21},"end":{"line":30,"column":22}},"loc":{"start":{"line":30,"column":37},"end":{"line":33,"column":5}},"line":30},"6":{"name":"(anonymous_6)","decl":{"start":{"line":44,"column":22},"end":{"line":44,"column":23}},"loc":{"start":{"line":44,"column":36},"end":{"line":47,"column":1}},"line":44}},"branchMap":{"0":{"loc":{"start":{"line":31,"column":8},"end":{"line":31,"column":81}},"type":"if","locations":[{"start":{"line":31,"column":8},"end":{"line":31,"column":81}},{"start":{},"end":{}}],"line":31}},"s":{"0":0,"1":0,"2":0,"3":0,"4":0,"5":0,"6":0,"7":0,"8":0,"9":0,"10":0,"11":0,"12":0,"13":0,"14":0,"15":0,"16":0,"17":0,"18":0,"19":0,"20":0,"21":0,"22":0,"23":0,"24":0,"25":0,"26":0,"27":0,"28":0,"29":0,"30":0,"31":0,"32":0,"33":0},"f":{"0":0,"1":0,"2":0,"3":0,"4":0,"5":0,"6":0},"b":{"0":[0,0]}}
,"C:\\Users\\HASEEB\\Desktop\\library-management-system\\routes\\userRoutes.js": {"path":"C:\\Users\\HASEEB\\Desktop\\library-management-system\\routes\\userRoutes.js","statementMap":{"0":{"start":{"line":1,"column":16},"end":{"line":1,"column":34}},"1":{"start":{"line":2,"column":15},"end":{"line":2,"column":31}},"2":{"start":{"line":3,"column":23},"end":{"line":3,"column":63}},"3":{"start":{"line":4,"column":26},"end":{"line":4,"column":65}},"4":{"start":{"line":6,"column":0},"end":{"line":6,"column":84}},"5":{"start":{"line":6,"column":38},"end":{"line":6,"column":82}},"6":{"start":{"line":7,"column":0},"end":{"line":7,"column":50}},"7":{"start":{"line":9,"column":0},"end":{"line":9,"column":82}},"8":{"start":{"line":9,"column":39},"end":{"line":9,"column":80}},"9":{"start":{"line":10,"column":0},"end":{"line":10,"column":48}},"10":{"start":{"line":11,"column":0},"end":{"line":11,"column":45}},"11":{"start":{"line":13,"column":0},"end":{"line":13,"column":74}},"12":{"start":{"line":14,"column":0},"end":{"line":14,"column":71}},"13":{"start":{"line":15,"column":0},"end":{"line":15,"column":83}},"14":{"start":{"line":17,"column":0},"end":{"line":17,"column":66}},"15":{"start":{"line":18,"column":0},"end":{"line":18,"column":63}},"16":{"start":{"line":19,"column":0},"end":{"line":19,"column":90}},"17":{"start":{"line":20,"column":0},"end":{"line":20,"column":86}},"18":{"start":{"line":22,"column":0},"end":{"line":22,"column":68}},"19":{"start":{"line":23,"column":0},"end":{"line":23,"column":63}},"20":{"start":{"line":25,"column":0},"end":{"line":25,"column":79}},"21":{"start":{"line":27,"column":0},"end":{"line":27,"column":24}}},"fnMap":{"0":{"name":"(anonymous_0)","decl":{"start":{"line":6,"column":24},"end":{"line":6,"column":25}},"loc":{"start":{"line":6,"column":38},"end":{"line":6,"column":82}},"line":6},"1":{"name":"(anonymous_1)","decl":{"start":{"line":9,"column":25},"end":{"line":9,"column":26}},"loc":{"start":{"line":9,"column":39},"end":{"line":9,"column":80}},"line":9}},"branchMap":{},"s":{"0":0,"1":0,"2":0,"3":0,"4":0,"5":0,"6":0,"7":0,"8":0,"9":0,"10":0,"11":0,"12":0,"13":0,"14":0,"15":0,"16":0,"17":0,"18":0,"19":0,"20":0,"21":0},"f":{"0":0,"1":0},"b":{}}
}
